#
# There is insufficient memory for the Java Runtime Environment to continue.
# Native memory allocation (mmap) failed to map 132120576 bytes for G1 virtual space
# Possible reasons:
#   The system is out of physical RAM or swap space
#   The process is running with CompressedOops enabled, and the Java Heap may be blocking the growth of the native heap
# Possible solutions:
#   Reduce memory load on the system
#   Increase physical memory or swap space
#   Check if swap backing store is full
#   Decrease Java heap size (-Xmx/-Xms)
#   Decrease number of Java threads
#   Decrease Java thread stack sizes (-Xss)
#   Set larger code cache with -XX:ReservedCodeCacheSize=
#   JVM is running with Unscaled Compressed Oops mode in which the Java heap is
#     placed in the first 4GB address space. The Java Heap base address is the
#     maximum limit for the native heap growth. Please use -XX:HeapBaseMinAddress
#     to set the Java Heap base and to place the Java Heap above 4GB virtual address.
# This output file may be truncated or incomplete.
#
#  Out of Memory Error (os_windows.cpp:3466), pid=13336, tid=12020
#
# JRE version:  (16.0.1+9) (build )
# Java VM: OpenJDK 64-Bit Server VM (16.0.1+9-24, mixed mode, sharing, tiered, compressed oops, compressed class ptrs, g1 gc, windows-amd64)
# No core dump will be written. Minidumps are not enabled by default on client versions of Windows
#

---------------  S U M M A R Y ------------

Command Line: -javaagent:C:\Program Files\JetBrains\IntelliJ IDEA Community Edition 2021.1.1\lib\idea_rt.jar=55737:C:\Program Files\JetBrains\IntelliJ IDEA Community Edition 2021.1.1\bin -Dfile.encoding=UTF-8 oop.example.Ex24

Host: Intel(R) Core(TM) i5-6200U CPU @ 2.30GHz, 4 cores, 7G,  Windows 10 , 64 bit Build 19041 (10.0.19041.928)
Time: Sun Jun 13 18:54:12 2021 Eastern Daylight Time elapsed time: 0.161183 seconds (0d 0h 0m 0s)

---------------  T H R E A D  ---------------

Current thread (0x000001b82aaa9160):  JavaThread "Unknown thread" [_thread_in_vm, id=12020, stack(0x0000009b93600000,0x0000009b93700000)]

Stack: [0x0000009b93600000,0x0000009b93700000]
Native frames: (J=compiled Java code, j=interpreted, Vv=VM code, C=native code)
V  [jvm.dll+0x6687ca]
V  [jvm.dll+0x7ca3c9]
V  [jvm.dll+0x7cbb53]
V  [jvm.dll+0x7cc1b3]
V  [jvm.dll+0x242ea5]
V  [jvm.dll+0x665589]
V  [jvm.dll+0x65a175]
V  [jvm.dll+0x2fc5ab]
V  [jvm.dll+0x3037a6]
V  [jvm.dll+0x352fee]
V  [jvm.dll+0x35321f]
V  [jvm.dll+0x2d3618]
V  [jvm.dll+0x2d4854]
V  [jvm.dll+0x79ccb1]
V  [jvm.dll+0x360de1]
V  [jvm.dll+0x77a990]
V  [jvm.dll+0x3e55af]
V  [jvm.dll+0x3e7081]
C  [jli.dll+0x52fb]
C  [ucrtbase.dll+0x21bb2]
C  [KERNEL32.DLL+0x17034]
C  [ntdll.dll+0x52651]


---------------  P R O C E S S  ---------------

Threads class SMR info:
_java_thread_list=0x00007ffd9d70cbb8, length=0, elements={
}

Java Threads: ( => current thread )

Other Threads:
  0x000001b82aae8b30 GCTaskThread "GC Thread#0" [stack: 0x0000009b93800000,0x0000009b93900000] [id=9320]
  0x000001b82aaf96f0 ConcurrentGCThread "G1 Main Marker" [stack: 0x0000009b93900000,0x0000009b93a00000] [id=14872]
  0x000001b82aafa160 ConcurrentGCThread "G1 Conc#0" [stack: 0x0000009b93a00000,0x0000009b93b00000] [id=12356]

[error occurred during error reporting (printing all threads), id 0xc0000005, EXCEPTION_ACCESS_VIOLATION (0xc0000005) at pc=0x00007ffd9cee44d7]

VM state: not at safepoint (not fully initialized)

VM Mutex/Monitor currently owned by a thread:  ([mutex/lock_event])
[0x000001b82aaa4180] Heap_lock - owner thread: 0x000001b82aaa9160

Heap address: 0x0000000082400000, size: 2012 MB, Compressed Oops mode: 32-bit

CDS archive(s) mapped at: [0x0000000000000000-0x0000000000000000-0x0000000000000000), size 0, SharedBaseAddress: 0x0000000800000000, ArchiveRelocationMode: 0.
Narrow klass base: 0x0000000000000000, Narrow klass shift: 0, Narrow klass range: 0x0

GC Precious Log:
<Empty>

Heap:
 garbage-first heap   total 0K, used 0K [0x0000000082400000, 0x0000000100000000)
  region size 1024K, 0 young (0K), 0 survivors (0K)

[error occurred during error reporting (printing heap information), id 0xc0000005, EXCEPTION_ACCESS_VIOLATION (0xc0000005) at pc=0x00007ffd9d2c24ed]

GC Heap History (0 events):
No events

Deoptimization events (0 events):
No events

Classes unloaded (0 events):
No events

Classes redefined (0 events):
No events

Internal exceptions (0 events):
No events

Events (1 events):
Event: 0.137 Loaded shared library C:\Users\dutch\Desktop\OOP\jdk-16.0.1\bin\java.dll


Dynamic libraries:
0x00007ff65c870000 - 0x00007ff65c87e000 	C:\Users\dutch\Desktop\OOP\jdk-16.0.1\bin\java.exe
0x00007ffe0eb70000 - 0x00007ffe0ed65000 	C:\WINDOWS\SYSTEM32\ntdll.dll
0x00007ffe0ccb0000 - 0x00007ffe0cd6d000 	C:\WINDOWS\System32\KERNEL32.DLL
0x00007ffe0c2b0000 - 0x00007ffe0c578000 	C:\WINDOWS\System32\KERNELBASE.dll
0x00007ffe0c840000 - 0x00007ffe0c940000 	C:\WINDOWS\System32\ucrtbase.dll
0x00007ffdeb500000 - 0x00007ffdeb518000 	C:\Users\dutch\Desktop\OOP\jdk-16.0.1\bin\jli.dll
0x00007ffe0d5b0000 - 0x00007ffe0d750000 	C:\WINDOWS\System32\USER32.dll
0x00007ffe0c600000 - 0x00007ffe0c622000 	C:\WINDOWS\System32\win32u.dll
0x00007ffe0d4c0000 - 0x00007ffe0d4ea000 	C:\WINDOWS\System32\GDI32.dll
0x00007ffe0c730000 - 0x00007ffe0c83b000 	C:\WINDOWS\System32\gdi32full.dll
0x00007ffe0c690000 - 0x00007ffe0c72d000 	C:\WINDOWS\System32\msvcp_win.dll
0x00007ffdf4e80000 - 0x00007ffdf4e99000 	C:\Users\dutch\Desktop\OOP\jdk-16.0.1\bin\VCRUNTIME140.dll
0x00007ffdfcc40000 - 0x00007ffdfceda000 	C:\WINDOWS\WinSxS\amd64_microsoft.windows.common-controls_6595b64144ccf1df_6.0.19041.844_none_ca00b6081b84eb1d\COMCTL32.dll
0x00007ffe0cfb0000 - 0x00007ffe0d04e000 	C:\WINDOWS\System32\msvcrt.dll
0x00007ffe0e1d0000 - 0x00007ffe0e200000 	C:\WINDOWS\System32\IMM32.DLL
0x00007ffdfc170000 - 0x00007ffdfc17c000 	C:\Users\dutch\Desktop\OOP\jdk-16.0.1\bin\vcruntime140_1.dll
0x00007ffdc3f90000 - 0x00007ffdc4021000 	C:\Users\dutch\Desktop\OOP\jdk-16.0.1\bin\msvcp140.dll
0x00007ffd9cc00000 - 0x00007ffd9d7ab000 	C:\Users\dutch\Desktop\OOP\jdk-16.0.1\bin\server\jvm.dll
0x00007ffe0d7b0000 - 0x00007ffe0d85c000 	C:\WINDOWS\System32\ADVAPI32.dll
0x00007ffe0e130000 - 0x00007ffe0e1cb000 	C:\WINDOWS\System32\sechost.dll
0x00007ffe0e000000 - 0x00007ffe0e12b000 	C:\WINDOWS\System32\RPCRT4.dll
0x00007ffe0cd80000 - 0x00007ffe0cd88000 	C:\WINDOWS\System32\PSAPI.DLL
0x00007ffdfb310000 - 0x00007ffdfb319000 	C:\WINDOWS\SYSTEM32\WSOCK32.dll
0x00007ffe0d430000 - 0x00007ffe0d49b000 	C:\WINDOWS\System32\WS2_32.dll
0x00007ffdf7a90000 - 0x00007ffdf7ab7000 	C:\WINDOWS\SYSTEM32\WINMM.dll
0x00007ffe03250000 - 0x00007ffe0325a000 	C:\WINDOWS\SYSTEM32\VERSION.dll
0x00007ffe0a200000 - 0x00007ffe0a212000 	C:\WINDOWS\SYSTEM32\kernel.appcore.dll
0x00007ffdfbee0000 - 0x00007ffdfbeea000 	C:\Users\dutch\Desktop\OOP\jdk-16.0.1\bin\jimage.dll
0x00007ffdfabd0000 - 0x00007ffdfadb4000 	C:\WINDOWS\SYSTEM32\DBGHELP.DLL
0x00007ffdf4810000 - 0x00007ffdf483c000 	C:\WINDOWS\SYSTEM32\dbgcore.DLL
0x00007ffe0c580000 - 0x00007ffe0c600000 	C:\WINDOWS\System32\bcryptPrimitives.dll
0x00007ffdfc7f0000 - 0x00007ffdfc7fe000 	C:\Users\dutch\Desktop\OOP\jdk-16.0.1\bin\instrument.dll
0x00007ffdeb4d0000 - 0x00007ffdeb4f5000 	C:\Users\dutch\Desktop\OOP\jdk-16.0.1\bin\java.dll

dbghelp: loaded successfully - version: 4.0.5 - missing functions: none
symbol engine: initialized successfully - sym options: 0x614 - pdb path: .;C:\Users\dutch\Desktop\OOP\jdk-16.0.1\bin;C:\WINDOWS\SYSTEM32;C:\WINDOWS\WinSxS\amd64_microsoft.windows.common-controls_6595b64144ccf1df_6.0.19041.844_none_ca00b6081b84eb1d;C:\Users\dutch\Desktop\OOP\jdk-16.0.1\bin\server

VM Arguments:
jvm_args: -javaagent:C:\Program Files\JetBrains\IntelliJ IDEA Community Edition 2021.1.1\lib\idea_rt.jar=55737:C:\Program Files\JetBrains\IntelliJ IDEA Community Edition 2021.1.1\bin -Dfile.encoding=UTF-8 
java_command: oop.example.Ex24
java_class_path (initial): C:\Users\dutch\Desktop\OOP\Intellij Projects\Motivated Practice Problems\Exercises_24-40\Exercises_24-40\target\classes
Launcher Type: SUN_STANDARD

[Global flags]
     intx CICompilerCount                          = 3                                         {product} {ergonomic}
     uint ConcGCThreads                            = 1                                         {product} {ergonomic}
     uint G1ConcRefinementThreads                  = 4                                         {product} {ergonomic}
   size_t G1HeapRegionSize                         = 1048576                                   {product} {ergonomic}
    uintx GCDrainStackTargetSize                   = 64                                        {product} {ergonomic}
   size_t InitialHeapSize                          = 132120576                                 {product} {ergonomic}
   size_t MarkStackSize                            = 4194304                                   {product} {ergonomic}
   size_t MaxHeapSize                              = 2109734912                                {product} {ergonomic}
   size_t MinHeapDeltaBytes                        = 1048576                                   {product} {ergonomic}
   size_t MinHeapSize                              = 8388608                                   {product} {ergonomic}
    uintx NonNMethodCodeHeapSize                   = 5832780                                {pd product} {ergonomic}
    uintx NonProfiledCodeHeapSize                  = 122912730                              {pd product} {ergonomic}
    uintx ProfiledCodeHeapSize                     = 122912730                              {pd product} {ergonomic}
    uintx ReservedCodeCacheSize                    = 251658240                              {pd product} {ergonomic}
     bool SegmentedCodeCache                       = true                                      {product} {ergonomic}
   size_t SoftMaxHeapSize                          = 2109734912                             {manageable} {ergonomic}
     bool UseCompressedClassPointers               = true                           {product lp64_product} {ergonomic}
     bool UseCompressedOops                        = true                           {product lp64_product} {ergonomic}
     bool UseG1GC                                  = true                                      {product} {ergonomic}
     bool UseLargePagesIndividualAllocation        = false                                  {pd product} {ergonomic}

Logging:
Log output configuration:
 #0: stdout all=warning uptime,level,tags
 #1: stderr all=off uptime,level,tags

Environment Variables:
JAVA_HOME=C:\Users\dutch\Desktop\OOP\jdk-16.0.1
PATH=C:\Program Files (x86)\Intel\iCLS Client\;C:\Program Files\Intel\iCLS Client\;C:\WINDOWS\system32;C:\WINDOWS;C:\WINDOWS\System32\Wbem;C:\WINDOWS\System32\WindowsPowerShell\v1.0\;C:\Program Files (x86)\Intel\Intel(R) Management Engine Components\DAL;C:\Program Files\Intel\Intel(R) Management Engine Components\DAL;C:\Program Files (x86)\Intel\Intel(R) Management Engine Components\IPT;C:\Program Files\Intel\Intel(R) Management Engine Components\IPT;C:\Program Files\MATLAB\R2017a\bin;C:\Program Files\dotnet\;C:\Program Files\Intel\WiFi\bin\;C:\Program Files\Common Files\Intel\WirelessCommon\;C:\WINDOWS\System32\OpenSSH\;C:\Users\dutch\Desktop\OOP\jdk-16.0.1\bin;C:\Users\dutch\Desktop\OOP\apache-maven-3.8.1\bin;C:\Program Files\Git\cmd;C:\Users\dutch\AppData\Local\Microsoft\WindowsApps;;C:\Users\dutch\AppData\Local\Programs\Microsoft VS Code\bin;C:\Program Files\JetBrains\IntelliJ IDEA Community Edition 2021.1.1\bin;
USERNAME=dutch
OS=Windows_NT
PROCESSOR_IDENTIFIER=Intel64 Family 6 Model 78 Stepping 3, GenuineIntel



---------------  S Y S T E M  ---------------

OS:
 Windows 10 , 64 bit Build 19041 (10.0.19041.928)
OS uptime: 0 days 5:18 hours

CPU: total 4 (initial active 4) (2 cores per cpu, 2 threads per core) family 6 model 78 stepping 3 microcode 0xd6, cx8, cmov, fxsr, ht, mmx, 3dnowpref, sse, sse2, sse3, ssse3, sse4.1, sse4.2, popcnt, lzcnt, tsc, tscinvbit, avx, avx2, aes, erms, clmul, bmi1, bmi2, adx, fma, vzeroupper, clflush, clflushopt

Memory: 4k page, system-wide physical 8046M (1399M free)
TotalPageFile size 8629M (AvailPageFile size 84M)
current process WorkingSet (physical memory assigned to process): 10M, peak: 10M
current process commit charge ("private bytes"): 51M, peak: 177M

vm_info: OpenJDK 64-Bit Server VM (16.0.1+9-24) for windows-amd64 JRE (16.0.1+9-24), built on Mar 26 2021 19:30:07 by "mach5one" with MS VC++ 16.7 (VS2019)

END.
